{"message":"file not found for module `Object`","code":{"code":"E0583","explanation":"A file wasn't found for an out-of-line module.\n\nErroneous code example:\n\n```compile_fail,E0583\nmod file_that_doesnt_exist; // error: file not found for module\n\nfn main() {}\n```\n\nPlease be sure that a file corresponding to the module exists. If you\nwant to use a module named `file_that_doesnt_exist`, you need to have a file\nnamed `file_that_doesnt_exist.rs` or `file_that_doesnt_exist/mod.rs` in the\nsame directory.\n"},"level":"error","spans":[{"file_name":"src/Engine.rs","byte_start":32,"byte_end":47,"line_start":3,"line_end":3,"column_start":1,"column_end":16,"is_primary":true,"text":[{"text":"pub mod Object;","highlight_start":1,"highlight_end":16}],"label":null,"suggested_replacement":null,"suggestion_applicability":null,"expansion":null}],"children":[{"message":"to create the module `Object`, create file \"src/Engine/Object.rs\" or \"src/Engine/Object/mod.rs\"","code":null,"level":"help","spans":[],"children":[],"rendered":null}],"rendered":"\u001b[0m\u001b[1m\u001b[38;5;9merror[E0583]\u001b[0m\u001b[0m\u001b[1m: file not found for module `Object`\u001b[0m\n\u001b[0m \u001b[0m\u001b[0m\u001b[1m\u001b[38;5;12m--> \u001b[0m\u001b[0msrc/Engine.rs:3:1\u001b[0m\n\u001b[0m  \u001b[0m\u001b[0m\u001b[1m\u001b[38;5;12m|\u001b[0m\n\u001b[0m\u001b[1m\u001b[38;5;12m3\u001b[0m\u001b[0m \u001b[0m\u001b[0m\u001b[1m\u001b[38;5;12m| \u001b[0m\u001b[0mpub mod Object;\u001b[0m\n\u001b[0m  \u001b[0m\u001b[0m\u001b[1m\u001b[38;5;12m| \u001b[0m\u001b[0m\u001b[1m\u001b[38;5;9m^^^^^^^^^^^^^^^\u001b[0m\n\u001b[0m  \u001b[0m\u001b[0m\u001b[1m\u001b[38;5;12m|\u001b[0m\n\u001b[0m  \u001b[0m\u001b[0m\u001b[1m\u001b[38;5;12m= \u001b[0m\u001b[0m\u001b[1mhelp\u001b[0m\u001b[0m: to create the module `Object`, create file \"src/Engine/Object.rs\" or \"src/Engine/Object/mod.rs\"\u001b[0m\n\n"}
{"message":"cannot find type `ObjState` in this scope","code":{"code":"E0412","explanation":"A used type name is not in scope.\n\nErroneous code examples:\n\n```compile_fail,E0412\nimpl Something {} // error: type name `Something` is not in scope\n\n// or:\n\ntrait Foo {\n    fn bar(N); // error: type name `N` is not in scope\n}\n\n// or:\n\nfn foo(x: T) {} // type name `T` is not in scope\n```\n\nTo fix this error, please verify you didn't misspell the type name, you did\ndeclare it or imported it into the scope. Examples:\n\n```\nstruct Something;\n\nimpl Something {} // ok!\n\n// or:\n\ntrait Foo {\n    type N;\n\n    fn bar(_: Self::N); // ok!\n}\n\n// or:\n\nfn foo<T>(x: T) {} // ok!\n```\n\nAnother case that causes this error is when a type is imported into a parent\nmodule. To fix this, you can follow the suggestion and use File directly or\n`use super::File;` which will import the types from the parent namespace. An\nexample that causes this error is below:\n\n```compile_fail,E0412\nuse std::fs::File;\n\nmod foo {\n    fn some_function(f: File) {}\n}\n```\n\n```\nuse std::fs::File;\n\nmod foo {\n    // either\n    use super::File;\n    // or\n    // use std::fs::File;\n    fn foo(f: File) {}\n}\n# fn main() {} // don't insert it for us; that'll break imports\n```\n"},"level":"error","spans":[{"file_name":"src/Engine.rs","byte_start":139,"byte_end":147,"line_start":9,"line_end":9,"column_start":18,"column_end":26,"is_primary":true,"text":[{"text":"    prevState_ : ObjState,","highlight_start":18,"highlight_end":26}],"label":"not found in this scope","suggested_replacement":null,"suggestion_applicability":null,"expansion":null}],"children":[],"rendered":"\u001b[0m\u001b[1m\u001b[38;5;9merror[E0412]\u001b[0m\u001b[0m\u001b[1m: cannot find type `ObjState` in this scope\u001b[0m\n\u001b[0m \u001b[0m\u001b[0m\u001b[1m\u001b[38;5;12m--> \u001b[0m\u001b[0msrc/Engine.rs:9:18\u001b[0m\n\u001b[0m  \u001b[0m\u001b[0m\u001b[1m\u001b[38;5;12m|\u001b[0m\n\u001b[0m\u001b[1m\u001b[38;5;12m9\u001b[0m\u001b[0m \u001b[0m\u001b[0m\u001b[1m\u001b[38;5;12m| \u001b[0m\u001b[0m    prevState_ : ObjState,\u001b[0m\n\u001b[0m  \u001b[0m\u001b[0m\u001b[1m\u001b[38;5;12m| \u001b[0m\u001b[0m                 \u001b[0m\u001b[0m\u001b[1m\u001b[38;5;9m^^^^^^^^\u001b[0m\u001b[0m \u001b[0m\u001b[0m\u001b[1m\u001b[38;5;9mnot found in this scope\u001b[0m\n\n"}
{"message":"cannot find type `ObjState` in this scope","code":{"code":"E0412","explanation":"A used type name is not in scope.\n\nErroneous code examples:\n\n```compile_fail,E0412\nimpl Something {} // error: type name `Something` is not in scope\n\n// or:\n\ntrait Foo {\n    fn bar(N); // error: type name `N` is not in scope\n}\n\n// or:\n\nfn foo(x: T) {} // type name `T` is not in scope\n```\n\nTo fix this error, please verify you didn't misspell the type name, you did\ndeclare it or imported it into the scope. Examples:\n\n```\nstruct Something;\n\nimpl Something {} // ok!\n\n// or:\n\ntrait Foo {\n    type N;\n\n    fn bar(_: Self::N); // ok!\n}\n\n// or:\n\nfn foo<T>(x: T) {} // ok!\n```\n\nAnother case that causes this error is when a type is imported into a parent\nmodule. To fix this, you can follow the suggestion and use File directly or\n`use super::File;` which will import the types from the parent namespace. An\nexample that causes this error is below:\n\n```compile_fail,E0412\nuse std::fs::File;\n\nmod foo {\n    fn some_function(f: File) {}\n}\n```\n\n```\nuse std::fs::File;\n\nmod foo {\n    // either\n    use super::File;\n    // or\n    // use std::fs::File;\n    fn foo(f: File) {}\n}\n# fn main() {} // don't insert it for us; that'll break imports\n```\n"},"level":"error","spans":[{"file_name":"src/Engine.rs","byte_start":166,"byte_end":174,"line_start":10,"line_end":10,"column_start":18,"column_end":26,"is_primary":true,"text":[{"text":"    currState_ : ObjState,","highlight_start":18,"highlight_end":26}],"label":"not found in this scope","suggested_replacement":null,"suggestion_applicability":null,"expansion":null}],"children":[],"rendered":"\u001b[0m\u001b[1m\u001b[38;5;9merror[E0412]\u001b[0m\u001b[0m\u001b[1m: cannot find type `ObjState` in this scope\u001b[0m\n\u001b[0m  \u001b[0m\u001b[0m\u001b[1m\u001b[38;5;12m--> \u001b[0m\u001b[0msrc/Engine.rs:10:18\u001b[0m\n\u001b[0m   \u001b[0m\u001b[0m\u001b[1m\u001b[38;5;12m|\u001b[0m\n\u001b[0m\u001b[1m\u001b[38;5;12m10\u001b[0m\u001b[0m \u001b[0m\u001b[0m\u001b[1m\u001b[38;5;12m| \u001b[0m\u001b[0m    currState_ : ObjState,\u001b[0m\n\u001b[0m   \u001b[0m\u001b[0m\u001b[1m\u001b[38;5;12m| \u001b[0m\u001b[0m                 \u001b[0m\u001b[0m\u001b[1m\u001b[38;5;9m^^^^^^^^\u001b[0m\u001b[0m \u001b[0m\u001b[0m\u001b[1m\u001b[38;5;9mnot found in this scope\u001b[0m\n\n"}
{"message":"cannot find type `ObjState` in this scope","code":{"code":"E0412","explanation":"A used type name is not in scope.\n\nErroneous code examples:\n\n```compile_fail,E0412\nimpl Something {} // error: type name `Something` is not in scope\n\n// or:\n\ntrait Foo {\n    fn bar(N); // error: type name `N` is not in scope\n}\n\n// or:\n\nfn foo(x: T) {} // type name `T` is not in scope\n```\n\nTo fix this error, please verify you didn't misspell the type name, you did\ndeclare it or imported it into the scope. Examples:\n\n```\nstruct Something;\n\nimpl Something {} // ok!\n\n// or:\n\ntrait Foo {\n    type N;\n\n    fn bar(_: Self::N); // ok!\n}\n\n// or:\n\nfn foo<T>(x: T) {} // ok!\n```\n\nAnother case that causes this error is when a type is imported into a parent\nmodule. To fix this, you can follow the suggestion and use File directly or\n`use super::File;` which will import the types from the parent namespace. An\nexample that causes this error is below:\n\n```compile_fail,E0412\nuse std::fs::File;\n\nmod foo {\n    fn some_function(f: File) {}\n}\n```\n\n```\nuse std::fs::File;\n\nmod foo {\n    // either\n    use super::File;\n    // or\n    // use std::fs::File;\n    fn foo(f: File) {}\n}\n# fn main() {} // don't insert it for us; that'll break imports\n```\n"},"level":"error","spans":[{"file_name":"src/Engine.rs","byte_start":193,"byte_end":201,"line_start":11,"line_end":11,"column_start":18,"column_end":26,"is_primary":true,"text":[{"text":"    nextState_ : ObjState,","highlight_start":18,"highlight_end":26}],"label":"not found in this scope","suggested_replacement":null,"suggestion_applicability":null,"expansion":null}],"children":[],"rendered":"\u001b[0m\u001b[1m\u001b[38;5;9merror[E0412]\u001b[0m\u001b[0m\u001b[1m: cannot find type `ObjState` in this scope\u001b[0m\n\u001b[0m  \u001b[0m\u001b[0m\u001b[1m\u001b[38;5;12m--> \u001b[0m\u001b[0msrc/Engine.rs:11:18\u001b[0m\n\u001b[0m   \u001b[0m\u001b[0m\u001b[1m\u001b[38;5;12m|\u001b[0m\n\u001b[0m\u001b[1m\u001b[38;5;12m11\u001b[0m\u001b[0m \u001b[0m\u001b[0m\u001b[1m\u001b[38;5;12m| \u001b[0m\u001b[0m    nextState_ : ObjState,\u001b[0m\n\u001b[0m   \u001b[0m\u001b[0m\u001b[1m\u001b[38;5;12m| \u001b[0m\u001b[0m                 \u001b[0m\u001b[0m\u001b[1m\u001b[38;5;9m^^^^^^^^\u001b[0m\u001b[0m \u001b[0m\u001b[0m\u001b[1m\u001b[38;5;9mnot found in this scope\u001b[0m\n\n"}
{"message":"expected type, found module `Object`","code":{"code":"E0573","explanation":"Something other than a type has been used when one was expected.\n\nErroneous code examples:\n\n```compile_fail,E0573\nenum Dragon {\n    Born,\n}\n\nfn oblivion() -> Dragon::Born { // error!\n    Dragon::Born\n}\n\nconst HOBBIT: u32 = 2;\nimpl HOBBIT {} // error!\n\nenum Wizard {\n    Gandalf,\n    Saruman,\n}\n\ntrait Isengard {\n    fn wizard(_: Wizard::Saruman); // error!\n}\n```\n\nIn all these errors, a type was expected. For example, in the first error, if\nwe want to return the `Born` variant from the `Dragon` enum, we must set the\nfunction to return the enum and not its variant:\n\n```\nenum Dragon {\n    Born,\n}\n\nfn oblivion() -> Dragon { // ok!\n    Dragon::Born\n}\n```\n\nIn the second error, you can't implement something on an item, only on types.\nWe would need to create a new type if we wanted to do something similar:\n\n```\nstruct Hobbit(u32); // we create a new type\n\nconst HOBBIT: Hobbit = Hobbit(2);\nimpl Hobbit {} // ok!\n```\n\nIn the third case, we tried to only expect one variant of the `Wizard` enum,\nwhich is not possible. To make this work, we need to using pattern matching\nover the `Wizard` enum:\n\n```\nenum Wizard {\n    Gandalf,\n    Saruman,\n}\n\ntrait Isengard {\n    fn wizard(w: Wizard) { // ok!\n        match w {\n            Wizard::Saruman => {\n                // do something\n            }\n            _ => {} // ignore everything else\n        }\n    }\n}\n```\n"},"level":"error","spans":[{"file_name":"src/Engine.rs","byte_start":253,"byte_end":259,"line_start":15,"line_end":15,"column_start":20,"column_end":26,"is_primary":true,"text":[{"text":"    components_ : [Object; T],  // Transform & Window.  ","highlight_start":20,"highlight_end":26}],"label":"not a type","suggested_replacement":null,"suggestion_applicability":null,"expansion":null}],"children":[],"rendered":"\u001b[0m\u001b[1m\u001b[38;5;9merror[E0573]\u001b[0m\u001b[0m\u001b[1m: expected type, found module `Object`\u001b[0m\n\u001b[0m  \u001b[0m\u001b[0m\u001b[1m\u001b[38;5;12m--> \u001b[0m\u001b[0msrc/Engine.rs:15:20\u001b[0m\n\u001b[0m   \u001b[0m\u001b[0m\u001b[1m\u001b[38;5;12m|\u001b[0m\n\u001b[0m\u001b[1m\u001b[38;5;12m15\u001b[0m\u001b[0m \u001b[0m\u001b[0m\u001b[1m\u001b[38;5;12m| \u001b[0m\u001b[0m    components_ : [Object; T],  // Transform & Window.  \u001b[0m\n\u001b[0m   \u001b[0m\u001b[0m\u001b[1m\u001b[38;5;12m| \u001b[0m\u001b[0m                   \u001b[0m\u001b[0m\u001b[1m\u001b[38;5;9m^^^^^^\u001b[0m\u001b[0m \u001b[0m\u001b[0m\u001b[1m\u001b[38;5;9mnot a type\u001b[0m\n\n"}
{"message":"expected value, found type parameter `T`","code":{"code":"E0423","explanation":"An identifier was used like a function name or a value was expected and the\nidentifier exists but it belongs to a different namespace.\n\nErroneous code example:\n\n```compile_fail,E0423\nstruct Foo { a: bool };\n\nlet f = Foo();\n// error: expected function, tuple struct or tuple variant, found `Foo`\n// `Foo` is a struct name, but this expression uses it like a function name\n```\n\nPlease verify you didn't misspell the name of what you actually wanted to use\nhere. Example:\n\n```\nfn Foo() -> u32 { 0 }\n\nlet f = Foo(); // ok!\n```\n\nIt is common to forget the trailing `!` on macro invocations, which would also\nyield this error:\n\n```compile_fail,E0423\nprintln(\"\");\n// error: expected function, tuple struct or tuple variant,\n// found macro `println`\n// did you mean `println!(...)`? (notice the trailing `!`)\n```\n\nAnother case where this error is emitted is when a value is expected, but\nsomething else is found:\n\n```compile_fail,E0423\npub mod a {\n    pub const I: i32 = 1;\n}\n\nfn h1() -> i32 {\n    a.I\n    //~^ ERROR expected value, found module `a`\n    // did you mean `a::I`?\n}\n```\n"},"level":"error","spans":[{"file_name":"src/Engine.rs","byte_start":261,"byte_end":262,"line_start":15,"line_end":15,"column_start":28,"column_end":29,"is_primary":true,"text":[{"text":"    components_ : [Object; T],  // Transform & Window.  ","highlight_start":28,"highlight_end":29}],"label":"not a value","suggested_replacement":null,"suggestion_applicability":null,"expansion":null}],"children":[],"rendered":"\u001b[0m\u001b[1m\u001b[38;5;9merror[E0423]\u001b[0m\u001b[0m\u001b[1m: expected value, found type parameter `T`\u001b[0m\n\u001b[0m  \u001b[0m\u001b[0m\u001b[1m\u001b[38;5;12m--> \u001b[0m\u001b[0msrc/Engine.rs:15:28\u001b[0m\n\u001b[0m   \u001b[0m\u001b[0m\u001b[1m\u001b[38;5;12m|\u001b[0m\n\u001b[0m\u001b[1m\u001b[38;5;12m15\u001b[0m\u001b[0m \u001b[0m\u001b[0m\u001b[1m\u001b[38;5;12m| \u001b[0m\u001b[0m    components_ : [Object; T],  // Transform & Window.  \u001b[0m\n\u001b[0m   \u001b[0m\u001b[0m\u001b[1m\u001b[38;5;12m| \u001b[0m\u001b[0m                           \u001b[0m\u001b[0m\u001b[1m\u001b[38;5;9m^\u001b[0m\u001b[0m \u001b[0m\u001b[0m\u001b[1m\u001b[38;5;9mnot a value\u001b[0m\n\n"}
{"message":"expected trait, found module `Object`","code":{"code":"E0404","explanation":"A type that is not a trait was used in a trait position, such as a bound\nor `impl`.\n\nErroneous code example:\n\n```compile_fail,E0404\nstruct Foo;\nstruct Bar;\n\nimpl Foo for Bar {} // error: `Foo` is not a trait\nfn baz<T: Foo>(t: T) {} // error: `Foo` is not a trait\n```\n\nAnother erroneous code example:\n\n```compile_fail,E0404\ntype Foo = Iterator<Item=String>;\n\nfn bar<T: Foo>(t: T) {} // error: `Foo` is a type alias\n```\n\nPlease verify that the trait's name was not misspelled or that the right\nidentifier was used. Example:\n\n```\ntrait Foo {\n    // some functions\n}\nstruct Bar;\n\nimpl Foo for Bar { // ok!\n    // functions implementation\n}\n\nfn baz<T: Foo>(t: T) {} // ok!\n```\n\nAlternatively, you could introduce a new trait with your desired restrictions\nas a super trait:\n\n```\n# trait Foo {}\n# struct Bar;\n# impl Foo for Bar {}\ntrait Qux: Foo {} // Anything that implements Qux also needs to implement Foo\nfn baz<T: Qux>(t: T) {} // also ok!\n```\n\nFinally, if you are on nightly and want to use a trait alias\ninstead of a type alias, you should use `#![feature(trait_alias)]`:\n\n```\n#![feature(trait_alias)]\ntrait Foo = Iterator<Item=String>;\n\nfn bar<T: Foo>(t: T) {} // ok!\n```\n"},"level":"error","spans":[{"file_name":"src/Engine.rs","byte_start":332,"byte_end":338,"line_start":19,"line_end":19,"column_start":9,"column_end":15,"is_primary":true,"text":[{"text":"impl<T> Object for Engine<T>","highlight_start":9,"highlight_end":15}],"label":"not a trait","suggested_replacement":null,"suggestion_applicability":null,"expansion":null}],"children":[],"rendered":"\u001b[0m\u001b[1m\u001b[38;5;9merror[E0404]\u001b[0m\u001b[0m\u001b[1m: expected trait, found module `Object`\u001b[0m\n\u001b[0m  \u001b[0m\u001b[0m\u001b[1m\u001b[38;5;12m--> \u001b[0m\u001b[0msrc/Engine.rs:19:9\u001b[0m\n\u001b[0m   \u001b[0m\u001b[0m\u001b[1m\u001b[38;5;12m|\u001b[0m\n\u001b[0m\u001b[1m\u001b[38;5;12m19\u001b[0m\u001b[0m \u001b[0m\u001b[0m\u001b[1m\u001b[38;5;12m| \u001b[0m\u001b[0mimpl<T> Object for Engine<T>\u001b[0m\n\u001b[0m   \u001b[0m\u001b[0m\u001b[1m\u001b[38;5;12m| \u001b[0m\u001b[0m        \u001b[0m\u001b[0m\u001b[1m\u001b[38;5;9m^^^^^^\u001b[0m\u001b[0m \u001b[0m\u001b[0m\u001b[1m\u001b[38;5;9mnot a trait\u001b[0m\n\n"}
{"message":"cannot find type `ObjState` in this scope","code":{"code":"E0412","explanation":"A used type name is not in scope.\n\nErroneous code examples:\n\n```compile_fail,E0412\nimpl Something {} // error: type name `Something` is not in scope\n\n// or:\n\ntrait Foo {\n    fn bar(N); // error: type name `N` is not in scope\n}\n\n// or:\n\nfn foo(x: T) {} // type name `T` is not in scope\n```\n\nTo fix this error, please verify you didn't misspell the type name, you did\ndeclare it or imported it into the scope. Examples:\n\n```\nstruct Something;\n\nimpl Something {} // ok!\n\n// or:\n\ntrait Foo {\n    type N;\n\n    fn bar(_: Self::N); // ok!\n}\n\n// or:\n\nfn foo<T>(x: T) {} // ok!\n```\n\nAnother case that causes this error is when a type is imported into a parent\nmodule. To fix this, you can follow the suggestion and use File directly or\n`use super::File;` which will import the types from the parent namespace. An\nexample that causes this error is below:\n\n```compile_fail,E0412\nuse std::fs::File;\n\nmod foo {\n    fn some_function(f: File) {}\n}\n```\n\n```\nuse std::fs::File;\n\nmod foo {\n    // either\n    use super::File;\n    // or\n    // use std::fs::File;\n    fn foo(f: File) {}\n}\n# fn main() {} // don't insert it for us; that'll break imports\n```\n"},"level":"error","spans":[{"file_name":"src/Engine.rs","byte_start":428,"byte_end":436,"line_start":22,"line_end":22,"column_start":28,"column_end":36,"is_primary":true,"text":[{"text":"    fn PrevState(&self) -> ObjState { self.prevState_ }","highlight_start":28,"highlight_end":36}],"label":"not found in this scope","suggested_replacement":null,"suggestion_applicability":null,"expansion":null}],"children":[],"rendered":"\u001b[0m\u001b[1m\u001b[38;5;9merror[E0412]\u001b[0m\u001b[0m\u001b[1m: cannot find type `ObjState` in this scope\u001b[0m\n\u001b[0m  \u001b[0m\u001b[0m\u001b[1m\u001b[38;5;12m--> \u001b[0m\u001b[0msrc/Engine.rs:22:28\u001b[0m\n\u001b[0m   \u001b[0m\u001b[0m\u001b[1m\u001b[38;5;12m|\u001b[0m\n\u001b[0m\u001b[1m\u001b[38;5;12m22\u001b[0m\u001b[0m \u001b[0m\u001b[0m\u001b[1m\u001b[38;5;12m| \u001b[0m\u001b[0m    fn PrevState(&self) -> ObjState { self.prevState_ }\u001b[0m\n\u001b[0m   \u001b[0m\u001b[0m\u001b[1m\u001b[38;5;12m| \u001b[0m\u001b[0m                           \u001b[0m\u001b[0m\u001b[1m\u001b[38;5;9m^^^^^^^^\u001b[0m\u001b[0m \u001b[0m\u001b[0m\u001b[1m\u001b[38;5;9mnot found in this scope\u001b[0m\n\n"}
{"message":"cannot find type `ObjState` in this scope","code":{"code":"E0412","explanation":"A used type name is not in scope.\n\nErroneous code examples:\n\n```compile_fail,E0412\nimpl Something {} // error: type name `Something` is not in scope\n\n// or:\n\ntrait Foo {\n    fn bar(N); // error: type name `N` is not in scope\n}\n\n// or:\n\nfn foo(x: T) {} // type name `T` is not in scope\n```\n\nTo fix this error, please verify you didn't misspell the type name, you did\ndeclare it or imported it into the scope. Examples:\n\n```\nstruct Something;\n\nimpl Something {} // ok!\n\n// or:\n\ntrait Foo {\n    type N;\n\n    fn bar(_: Self::N); // ok!\n}\n\n// or:\n\nfn foo<T>(x: T) {} // ok!\n```\n\nAnother case that causes this error is when a type is imported into a parent\nmodule. To fix this, you can follow the suggestion and use File directly or\n`use super::File;` which will import the types from the parent namespace. An\nexample that causes this error is below:\n\n```compile_fail,E0412\nuse std::fs::File;\n\nmod foo {\n    fn some_function(f: File) {}\n}\n```\n\n```\nuse std::fs::File;\n\nmod foo {\n    // either\n    use super::File;\n    // or\n    // use std::fs::File;\n    fn foo(f: File) {}\n}\n# fn main() {} // don't insert it for us; that'll break imports\n```\n"},"level":"error","spans":[{"file_name":"src/Engine.rs","byte_start":484,"byte_end":492,"line_start":23,"line_end":23,"column_start":28,"column_end":36,"is_primary":true,"text":[{"text":"    fn CurrState(&self) -> ObjState { self.currState_ }","highlight_start":28,"highlight_end":36}],"label":"not found in this scope","suggested_replacement":null,"suggestion_applicability":null,"expansion":null}],"children":[],"rendered":"\u001b[0m\u001b[1m\u001b[38;5;9merror[E0412]\u001b[0m\u001b[0m\u001b[1m: cannot find type `ObjState` in this scope\u001b[0m\n\u001b[0m  \u001b[0m\u001b[0m\u001b[1m\u001b[38;5;12m--> \u001b[0m\u001b[0msrc/Engine.rs:23:28\u001b[0m\n\u001b[0m   \u001b[0m\u001b[0m\u001b[1m\u001b[38;5;12m|\u001b[0m\n\u001b[0m\u001b[1m\u001b[38;5;12m23\u001b[0m\u001b[0m \u001b[0m\u001b[0m\u001b[1m\u001b[38;5;12m| \u001b[0m\u001b[0m    fn CurrState(&self) -> ObjState { self.currState_ }\u001b[0m\n\u001b[0m   \u001b[0m\u001b[0m\u001b[1m\u001b[38;5;12m| \u001b[0m\u001b[0m                           \u001b[0m\u001b[0m\u001b[1m\u001b[38;5;9m^^^^^^^^\u001b[0m\u001b[0m \u001b[0m\u001b[0m\u001b[1m\u001b[38;5;9mnot found in this scope\u001b[0m\n\n"}
{"message":"cannot find type `ObjState` in this scope","code":{"code":"E0412","explanation":"A used type name is not in scope.\n\nErroneous code examples:\n\n```compile_fail,E0412\nimpl Something {} // error: type name `Something` is not in scope\n\n// or:\n\ntrait Foo {\n    fn bar(N); // error: type name `N` is not in scope\n}\n\n// or:\n\nfn foo(x: T) {} // type name `T` is not in scope\n```\n\nTo fix this error, please verify you didn't misspell the type name, you did\ndeclare it or imported it into the scope. Examples:\n\n```\nstruct Something;\n\nimpl Something {} // ok!\n\n// or:\n\ntrait Foo {\n    type N;\n\n    fn bar(_: Self::N); // ok!\n}\n\n// or:\n\nfn foo<T>(x: T) {} // ok!\n```\n\nAnother case that causes this error is when a type is imported into a parent\nmodule. To fix this, you can follow the suggestion and use File directly or\n`use super::File;` which will import the types from the parent namespace. An\nexample that causes this error is below:\n\n```compile_fail,E0412\nuse std::fs::File;\n\nmod foo {\n    fn some_function(f: File) {}\n}\n```\n\n```\nuse std::fs::File;\n\nmod foo {\n    // either\n    use super::File;\n    // or\n    // use std::fs::File;\n    fn foo(f: File) {}\n}\n# fn main() {} // don't insert it for us; that'll break imports\n```\n"},"level":"error","spans":[{"file_name":"src/Engine.rs","byte_start":540,"byte_end":548,"line_start":24,"line_end":24,"column_start":28,"column_end":36,"is_primary":true,"text":[{"text":"    fn NextState(&self) -> ObjState { self.nextState_ }","highlight_start":28,"highlight_end":36}],"label":"not found in this scope","suggested_replacement":null,"suggestion_applicability":null,"expansion":null}],"children":[],"rendered":"\u001b[0m\u001b[1m\u001b[38;5;9merror[E0412]\u001b[0m\u001b[0m\u001b[1m: cannot find type `ObjState` in this scope\u001b[0m\n\u001b[0m  \u001b[0m\u001b[0m\u001b[1m\u001b[38;5;12m--> \u001b[0m\u001b[0msrc/Engine.rs:24:28\u001b[0m\n\u001b[0m   \u001b[0m\u001b[0m\u001b[1m\u001b[38;5;12m|\u001b[0m\n\u001b[0m\u001b[1m\u001b[38;5;12m24\u001b[0m\u001b[0m \u001b[0m\u001b[0m\u001b[1m\u001b[38;5;12m| \u001b[0m\u001b[0m    fn NextState(&self) -> ObjState { self.nextState_ }\u001b[0m\n\u001b[0m   \u001b[0m\u001b[0m\u001b[1m\u001b[38;5;12m| \u001b[0m\u001b[0m                           \u001b[0m\u001b[0m\u001b[1m\u001b[38;5;9m^^^^^^^^\u001b[0m\u001b[0m \u001b[0m\u001b[0m\u001b[1m\u001b[38;5;9mnot found in this scope\u001b[0m\n\n"}
{"message":"expected trait, found builtin type `i8`","code":{"code":"E0404","explanation":"A type that is not a trait was used in a trait position, such as a bound\nor `impl`.\n\nErroneous code example:\n\n```compile_fail,E0404\nstruct Foo;\nstruct Bar;\n\nimpl Foo for Bar {} // error: `Foo` is not a trait\nfn baz<T: Foo>(t: T) {} // error: `Foo` is not a trait\n```\n\nAnother erroneous code example:\n\n```compile_fail,E0404\ntype Foo = Iterator<Item=String>;\n\nfn bar<T: Foo>(t: T) {} // error: `Foo` is a type alias\n```\n\nPlease verify that the trait's name was not misspelled or that the right\nidentifier was used. Example:\n\n```\ntrait Foo {\n    // some functions\n}\nstruct Bar;\n\nimpl Foo for Bar { // ok!\n    // functions implementation\n}\n\nfn baz<T: Foo>(t: T) {} // ok!\n```\n\nAlternatively, you could introduce a new trait with your desired restrictions\nas a super trait:\n\n```\n# trait Foo {}\n# struct Bar;\n# impl Foo for Bar {}\ntrait Qux: Foo {} // Anything that implements Qux also needs to implement Foo\nfn baz<T: Qux>(t: T) {} // also ok!\n```\n\nFinally, if you are on nightly and want to use a trait alias\ninstead of a type alias, you should use `#![feature(trait_alias)]`:\n\n```\n#![feature(trait_alias)]\ntrait Foo = Iterator<Item=String>;\n\nfn bar<T: Foo>(t: T) {} // ok!\n```\n"},"level":"error","spans":[{"file_name":"src/Engine.rs","byte_start":595,"byte_end":597,"line_start":28,"line_end":28,"column_start":24,"column_end":26,"is_primary":true,"text":[{"text":"    fn Create<Engine : i8 >(&self) ","highlight_start":24,"highlight_end":26}],"label":"not a trait","suggested_replacement":null,"suggestion_applicability":null,"expansion":null}],"children":[],"rendered":"\u001b[0m\u001b[1m\u001b[38;5;9merror[E0404]\u001b[0m\u001b[0m\u001b[1m: expected trait, found builtin type `i8`\u001b[0m\n\u001b[0m  \u001b[0m\u001b[0m\u001b[1m\u001b[38;5;12m--> \u001b[0m\u001b[0msrc/Engine.rs:28:24\u001b[0m\n\u001b[0m   \u001b[0m\u001b[0m\u001b[1m\u001b[38;5;12m|\u001b[0m\n\u001b[0m\u001b[1m\u001b[38;5;12m28\u001b[0m\u001b[0m \u001b[0m\u001b[0m\u001b[1m\u001b[38;5;12m| \u001b[0m\u001b[0m    fn Create<Engine : i8 >(&self) \u001b[0m\n\u001b[0m   \u001b[0m\u001b[0m\u001b[1m\u001b[38;5;12m| \u001b[0m\u001b[0m                       \u001b[0m\u001b[0m\u001b[1m\u001b[38;5;9m^^\u001b[0m\u001b[0m \u001b[0m\u001b[0m\u001b[1m\u001b[38;5;9mnot a trait\u001b[0m\n\n"}
{"message":"expected type, found module `Object`","code":{"code":"E0573","explanation":"Something other than a type has been used when one was expected.\n\nErroneous code examples:\n\n```compile_fail,E0573\nenum Dragon {\n    Born,\n}\n\nfn oblivion() -> Dragon::Born { // error!\n    Dragon::Born\n}\n\nconst HOBBIT: u32 = 2;\nimpl HOBBIT {} // error!\n\nenum Wizard {\n    Gandalf,\n    Saruman,\n}\n\ntrait Isengard {\n    fn wizard(_: Wizard::Saruman); // error!\n}\n```\n\nIn all these errors, a type was expected. For example, in the first error, if\nwe want to return the `Born` variant from the `Dragon` enum, we must set the\nfunction to return the enum and not its variant:\n\n```\nenum Dragon {\n    Born,\n}\n\nfn oblivion() -> Dragon { // ok!\n    Dragon::Born\n}\n```\n\nIn the second error, you can't implement something on an item, only on types.\nWe would need to create a new type if we wanted to do something similar:\n\n```\nstruct Hobbit(u32); // we create a new type\n\nconst HOBBIT: Hobbit = Hobbit(2);\nimpl Hobbit {} // ok!\n```\n\nIn the third case, we tried to only expect one variant of the `Wizard` enum,\nwhich is not possible. To make this work, we need to using pattern matching\nover the `Wizard` enum:\n\n```\nenum Wizard {\n    Gandalf,\n    Saruman,\n}\n\ntrait Isengard {\n    fn wizard(w: Wizard) { // ok!\n        match w {\n            Wizard::Saruman => {\n                // do something\n            }\n            _ => {} // ignore everything else\n        }\n    }\n}\n```\n"},"level":"error","spans":[{"file_name":"src/Engine.rs","byte_start":620,"byte_end":638,"line_start":29,"line_end":29,"column_start":13,"column_end":31,"is_primary":true,"text":[{"text":"        -> &Object<Engine<i8>>","highlight_start":13,"highlight_end":31}],"label":"not a type","suggested_replacement":null,"suggestion_applicability":null,"expansion":null}],"children":[],"rendered":"\u001b[0m\u001b[1m\u001b[38;5;9merror[E0573]\u001b[0m\u001b[0m\u001b[1m: expected type, found module `Object`\u001b[0m\n\u001b[0m  \u001b[0m\u001b[0m\u001b[1m\u001b[38;5;12m--> \u001b[0m\u001b[0msrc/Engine.rs:29:13\u001b[0m\n\u001b[0m   \u001b[0m\u001b[0m\u001b[1m\u001b[38;5;12m|\u001b[0m\n\u001b[0m\u001b[1m\u001b[38;5;12m29\u001b[0m\u001b[0m \u001b[0m\u001b[0m\u001b[1m\u001b[38;5;12m| \u001b[0m\u001b[0m        -> &Object<Engine<i8>>\u001b[0m\n\u001b[0m   \u001b[0m\u001b[0m\u001b[1m\u001b[38;5;12m| \u001b[0m\u001b[0m            \u001b[0m\u001b[0m\u001b[1m\u001b[38;5;9m^^^^^^^^^^^^^^^^^^\u001b[0m\u001b[0m \u001b[0m\u001b[0m\u001b[1m\u001b[38;5;9mnot a type\u001b[0m\n\n"}
{"message":"cannot find value `oUpdate` in this scope","code":{"code":"E0425","explanation":"An unresolved name was used.\n\nErroneous code examples:\n\n```compile_fail,E0425\nsomething_that_doesnt_exist::foo;\n// error: unresolved name `something_that_doesnt_exist::foo`\n\n// or:\n\ntrait Foo {\n    fn bar() {\n        Self; // error: unresolved name `Self`\n    }\n}\n\n// or:\n\nlet x = unknown_variable;  // error: unresolved name `unknown_variable`\n```\n\nPlease verify that the name wasn't misspelled and ensure that the\nidentifier being referred to is valid for the given situation. Example:\n\n```\nenum something_that_does_exist {\n    Foo,\n}\n```\n\nOr:\n\n```\nmod something_that_does_exist {\n    pub static foo : i32 = 0i32;\n}\n\nsomething_that_does_exist::foo; // ok!\n```\n\nOr:\n\n```\nlet unknown_variable = 12u32;\nlet x = unknown_variable; // ok!\n```\n\nIf the item is not defined in the current module, it must be imported using a\n`use` statement, like so:\n\n```\n# mod foo { pub fn bar() {} }\n# fn main() {\nuse foo::bar;\nbar();\n# }\n```\n\nIf the item you are importing is not defined in some super-module of the\ncurrent module, then it must also be declared as public (e.g., `pub fn`).\n"},"level":"error","spans":[{"file_name":"src/Engine.rs","byte_start":702,"byte_end":709,"line_start":32,"line_end":32,"column_start":27,"column_end":34,"is_primary":true,"text":[{"text":"        self.nextState_ = oUpdate;","highlight_start":27,"highlight_end":34}],"label":"not found in this scope","suggested_replacement":null,"suggestion_applicability":null,"expansion":null}],"children":[],"rendered":"\u001b[0m\u001b[1m\u001b[38;5;9merror[E0425]\u001b[0m\u001b[0m\u001b[1m: cannot find value `oUpdate` in this scope\u001b[0m\n\u001b[0m  \u001b[0m\u001b[0m\u001b[1m\u001b[38;5;12m--> \u001b[0m\u001b[0msrc/Engine.rs:32:27\u001b[0m\n\u001b[0m   \u001b[0m\u001b[0m\u001b[1m\u001b[38;5;12m|\u001b[0m\n\u001b[0m\u001b[1m\u001b[38;5;12m32\u001b[0m\u001b[0m \u001b[0m\u001b[0m\u001b[1m\u001b[38;5;12m| \u001b[0m\u001b[0m        self.nextState_ = oUpdate;\u001b[0m\n\u001b[0m   \u001b[0m\u001b[0m\u001b[1m\u001b[38;5;12m| \u001b[0m\u001b[0m                          \u001b[0m\u001b[0m\u001b[1m\u001b[38;5;9m^^^^^^^\u001b[0m\u001b[0m \u001b[0m\u001b[0m\u001b[1m\u001b[38;5;9mnot found in this scope\u001b[0m\n\n"}
{"message":"cannot find type `ObjState` in this scope","code":{"code":"E0412","explanation":"A used type name is not in scope.\n\nErroneous code examples:\n\n```compile_fail,E0412\nimpl Something {} // error: type name `Something` is not in scope\n\n// or:\n\ntrait Foo {\n    fn bar(N); // error: type name `N` is not in scope\n}\n\n// or:\n\nfn foo(x: T) {} // type name `T` is not in scope\n```\n\nTo fix this error, please verify you didn't misspell the type name, you did\ndeclare it or imported it into the scope. Examples:\n\n```\nstruct Something;\n\nimpl Something {} // ok!\n\n// or:\n\ntrait Foo {\n    type N;\n\n    fn bar(_: Self::N); // ok!\n}\n\n// or:\n\nfn foo<T>(x: T) {} // ok!\n```\n\nAnother case that causes this error is when a type is imported into a parent\nmodule. To fix this, you can follow the suggestion and use File directly or\n`use super::File;` which will import the types from the parent namespace. An\nexample that causes this error is below:\n\n```compile_fail,E0412\nuse std::fs::File;\n\nmod foo {\n    fn some_function(f: File) {}\n}\n```\n\n```\nuse std::fs::File;\n\nmod foo {\n    // either\n    use super::File;\n    // or\n    // use std::fs::File;\n    fn foo(f: File) {}\n}\n# fn main() {} // don't insert it for us; that'll break imports\n```\n"},"level":"error","spans":[{"file_name":"src/Engine.rs","byte_start":771,"byte_end":779,"line_start":36,"line_end":36,"column_start":33,"column_end":41,"is_primary":true,"text":[{"text":"    fn CheckState(&mut self) -> ObjState","highlight_start":33,"highlight_end":41}],"label":"not found in this scope","suggested_replacement":null,"suggestion_applicability":null,"expansion":null}],"children":[],"rendered":"\u001b[0m\u001b[1m\u001b[38;5;9merror[E0412]\u001b[0m\u001b[0m\u001b[1m: cannot find type `ObjState` in this scope\u001b[0m\n\u001b[0m  \u001b[0m\u001b[0m\u001b[1m\u001b[38;5;12m--> \u001b[0m\u001b[0msrc/Engine.rs:36:33\u001b[0m\n\u001b[0m   \u001b[0m\u001b[0m\u001b[1m\u001b[38;5;12m|\u001b[0m\n\u001b[0m\u001b[1m\u001b[38;5;12m36\u001b[0m\u001b[0m \u001b[0m\u001b[0m\u001b[1m\u001b[38;5;12m| \u001b[0m\u001b[0m    fn CheckState(&mut self) -> ObjState\u001b[0m\n\u001b[0m   \u001b[0m\u001b[0m\u001b[1m\u001b[38;5;12m| \u001b[0m\u001b[0m                                \u001b[0m\u001b[0m\u001b[1m\u001b[38;5;9m^^^^^^^^\u001b[0m\u001b[0m \u001b[0m\u001b[0m\u001b[1m\u001b[38;5;9mnot found in this scope\u001b[0m\n\n"}
{"message":"expected type, found module `Engine`","code":{"code":"E0573","explanation":"Something other than a type has been used when one was expected.\n\nErroneous code examples:\n\n```compile_fail,E0573\nenum Dragon {\n    Born,\n}\n\nfn oblivion() -> Dragon::Born { // error!\n    Dragon::Born\n}\n\nconst HOBBIT: u32 = 2;\nimpl HOBBIT {} // error!\n\nenum Wizard {\n    Gandalf,\n    Saruman,\n}\n\ntrait Isengard {\n    fn wizard(_: Wizard::Saruman); // error!\n}\n```\n\nIn all these errors, a type was expected. For example, in the first error, if\nwe want to return the `Born` variant from the `Dragon` enum, we must set the\nfunction to return the enum and not its variant:\n\n```\nenum Dragon {\n    Born,\n}\n\nfn oblivion() -> Dragon { // ok!\n    Dragon::Born\n}\n```\n\nIn the second error, you can't implement something on an item, only on types.\nWe would need to create a new type if we wanted to do something similar:\n\n```\nstruct Hobbit(u32); // we create a new type\n\nconst HOBBIT: Hobbit = Hobbit(2);\nimpl Hobbit {} // ok!\n```\n\nIn the third case, we tried to only expect one variant of the `Wizard` enum,\nwhich is not possible. To make this work, we need to using pattern matching\nover the `Wizard` enum:\n\n```\nenum Wizard {\n    Gandalf,\n    Saruman,\n}\n\ntrait Isengard {\n    fn wizard(w: Wizard) { // ok!\n        match w {\n            Wizard::Saruman => {\n                // do something\n            }\n            _ => {} // ignore everything else\n        }\n    }\n}\n```\n"},"level":"error","spans":[{"file_name":"src/main.rs","byte_start":396,"byte_end":405,"line_start":18,"line_end":18,"column_start":16,"column_end":25,"is_primary":true,"text":[{"text":"    let eng0 : Engine<3>;","highlight_start":16,"highlight_end":25}],"label":"not a type","suggested_replacement":null,"suggestion_applicability":null,"expansion":null}],"children":[{"message":"consider importing this struct instead","code":null,"level":"help","spans":[{"file_name":"src/main.rs","byte_start":78,"byte_end":78,"line_start":5,"line_end":5,"column_start":1,"column_end":1,"is_primary":true,"text":[{"text":"use na::{Vector2, Matrix};","highlight_start":1,"highlight_end":1}],"label":null,"suggested_replacement":"use crate::Engine::Engine;\n","suggestion_applicability":"Unspecified","expansion":null}],"children":[],"rendered":null}],"rendered":"\u001b[0m\u001b[1m\u001b[38;5;9merror[E0573]\u001b[0m\u001b[0m\u001b[1m: expected type, found module `Engine`\u001b[0m\n\u001b[0m  \u001b[0m\u001b[0m\u001b[1m\u001b[38;5;12m--> \u001b[0m\u001b[0msrc/main.rs:18:16\u001b[0m\n\u001b[0m   \u001b[0m\u001b[0m\u001b[1m\u001b[38;5;12m|\u001b[0m\n\u001b[0m\u001b[1m\u001b[38;5;12m18\u001b[0m\u001b[0m \u001b[0m\u001b[0m\u001b[1m\u001b[38;5;12m| \u001b[0m\u001b[0m    let eng0 : Engine<3>;\u001b[0m\n\u001b[0m   \u001b[0m\u001b[0m\u001b[1m\u001b[38;5;12m| \u001b[0m\u001b[0m               \u001b[0m\u001b[0m\u001b[1m\u001b[38;5;9m^^^^^^^^^\u001b[0m\u001b[0m \u001b[0m\u001b[0m\u001b[1m\u001b[38;5;9mnot a type\u001b[0m\n\u001b[0m   \u001b[0m\u001b[0m\u001b[1m\u001b[38;5;12m|\u001b[0m\n\u001b[0m\u001b[1m\u001b[38;5;14mhelp\u001b[0m\u001b[0m: consider importing this struct instead\u001b[0m\n\u001b[0m   \u001b[0m\u001b[0m\u001b[1m\u001b[38;5;12m|\u001b[0m\n\u001b[0m\u001b[1m\u001b[38;5;12m5\u001b[0m\u001b[0m  \u001b[0m\u001b[0m\u001b[1m\u001b[38;5;12m| \u001b[0m\u001b[0m\u001b[38;5;10muse crate::Engine::Engine;\u001b[0m\n\u001b[0m   \u001b[0m\u001b[0m\u001b[1m\u001b[38;5;12m|\u001b[0m\n\n"}
{"message":"aborting due to 15 previous errors","code":null,"level":"error","spans":[],"children":[],"rendered":"\u001b[0m\u001b[1m\u001b[38;5;9merror\u001b[0m\u001b[0m\u001b[1m: aborting due to 15 previous errors\u001b[0m\n\n"}
{"message":"Some errors have detailed explanations: E0404, E0412, E0423, E0425, E0573, E0583.","code":null,"level":"failure-note","spans":[],"children":[],"rendered":"\u001b[0m\u001b[1mSome errors have detailed explanations: E0404, E0412, E0423, E0425, E0573, E0583.\u001b[0m\n"}
{"message":"For more information about an error, try `rustc --explain E0404`.","code":null,"level":"failure-note","spans":[],"children":[],"rendered":"\u001b[0m\u001b[1mFor more information about an error, try `rustc --explain E0404`.\u001b[0m\n"}
